<?xml version="1.0" encoding="UTF-8"?>
<!-- Generated by org.testng.reporters.JUnitXMLReporter -->
<testsuite hostname="DESKTOP-3KA80RE" ignored="0" name="FREE CRM Test" tests="1" failures="1" timestamp="07 Feb 2020 10:03:09 GMT" time="49.375" errors="0">
  <testcase name="feature" time="49.096" classname="Testrunner.Testrunnerlogin">
    <failure type="cucumber.runtime.CucumberException" message="java.lang.AssertionError: expected [CRMPRO - CRM software for customer relationship management, sales, and support.] but found [CRMPRO]">
      <![CDATA[cucumber.runtime.CucumberException: java.lang.AssertionError: expected [CRMPRO - CRM software for customer relationship management, sales, and support.] but found [CRMPRO]
at cucumber.api.testng.TestNGCucumberRunner.runCucumber(TestNGCucumberRunner.java:69)
at Testrunner.Testrunnerlogin.feature(Testrunnerlogin.java:35)
at java.util.concurrent.FutureTask.run(FutureTask.java:266)
at java.util.concurrent.ThreadPoolExecutor.runWorker(ThreadPoolExecutor.java:1149)
at java.util.concurrent.ThreadPoolExecutor$Worker.run(ThreadPoolExecutor.java:624)
at java.lang.Thread.run(Thread.java:748)
Caused by: java.lang.AssertionError: expected [CRMPRO - CRM software for customer relationship management, sales, and support.] but found [CRMPRO]
at stepDefinition.loginsteps.title_of_the_login_page_is_CRMPRO(loginsteps.java:61)
at âœ½.Then title of the login page is CRMPRO(login.feature:8)
... Removed 22 stack frames]]>
    </failure>
  </testcase> <!-- feature -->
</testsuite> <!-- FREE CRM Test -->
